[    0.000000] Initializing cgroup subsys cpuset
[    0.000000] Initializing cgroup subsys cpu
[    0.000000] Initializing cgroup subsys cpuacct
[    0.000000] Linux version 4.4.0-210-generic (buildd@lgw01-amd64-009) (gcc version 5.4.0 20160609 (Ubuntu 5.4.0-6ubuntu1~16.04.12) ) #242-Ubuntu SMP Fri Apr 16 09:57:56 UTC 2021 (Ubuntu 4.4.0-210.242-generic 4.4.262)
[    0.000000] Command line: BOOT_IMAGE=/boot/vmlinuz-4.4.0-210-generic root=LABEL=cloudimg-rootfs ro console=tty1 console=ttyS0
[    0.000000] KERNEL supported cpus:
[    0.000000]   Intel GenuineIntel
[    0.000000]   AMD AuthenticAMD
[    0.000000]   Centaur CentaurHauls
[    0.000000] x86/fpu: xstate_offset[2]:  576, xstate_sizes[2]:  256
[    0.000000] x86/fpu: Supporting XSAVE feature 0x01: 'x87 floating point registers'
[    0.000000] x86/fpu: Supporting XSAVE feature 0x02: 'SSE registers'
[    0.000000] x86/fpu: Supporting XSAVE feature 0x04: 'AVX registers'
[    0.000000] x86/fpu: Enabled xstate features 0x7, context size is 832 bytes, using 'standard' format.
[    0.000000] e820: BIOS-provided physical RAM map:
[    0.000000] BIOS-e820: [mem 0x0000000000000000-0x000000000009fbff] usable
[    0.000000] BIOS-e820: [mem 0x000000000009fc00-0x000000000009ffff] reserved
[    0.000000] BIOS-e820: [mem 0x00000000000f0000-0x00000000000fffff] reserved
[    0.000000] BIOS-e820: [mem 0x0000000000100000-0x000000003ffeffff] usable
[    0.000000] BIOS-e820: [mem 0x000000003fff0000-0x000000003fffffff] ACPI data
[    0.000000] BIOS-e820: [mem 0x00000000fec00000-0x00000000fec00fff] reserved
[    0.000000] BIOS-e820: [mem 0x00000000fee00000-0x00000000fee00fff] reserved
[    0.000000] BIOS-e820: [mem 0x00000000fffc0000-0x00000000ffffffff] reserved
[    0.000000] NX (Execute Disable) protection: active
[    0.000000] SMBIOS 2.5 present.
[    0.000000] Hypervisor detected: KVM
[    0.000000] e820: last_pfn = 0x3fff0 max_arch_pfn = 0x400000000
[    0.000000] MTRR: Disabled
[    0.000000] x86/PAT: MTRRs disabled, skipping PAT initialization too.
[    0.000000] CPU MTRRs all blank - virtualized system.
[    0.000000] x86/PAT: Configuration [0-7]: WB  WT  UC- UC  WB  WT  UC- UC  
[    0.000000] found SMP MP-table at [mem 0x0009fff0-0x0009ffff] mapped at [ffff88000009fff0]
[    0.000000] Scanning 1 areas for low memory corruption
[    0.000000] RAMDISK: [mem 0x362dc000-0x37165fff]
[    0.000000] ACPI: Early table checksum verification disabled
[    0.000000] ACPI: RSDP 0x00000000000E0000 000024 (v02 VBOX  )
[    0.000000] ACPI: XSDT 0x000000003FFF0030 00003C (v01 VBOX   VBOXXSDT 00000001 ASL  00000061)
[    0.000000] ACPI: FACP 0x000000003FFF00F0 0000F4 (v04 VBOX   VBOXFACP 00000001 ASL  00000061)
[    0.000000] ACPI: DSDT 0x000000003FFF0470 002325 (v02 VBOX   VBOXBIOS 00000002 INTL 20200925)
[    0.000000] ACPI: FACS 0x000000003FFF0200 000040
[    0.000000] ACPI: FACS 0x000000003FFF0200 000040
[    0.000000] ACPI: APIC 0x000000003FFF0240 00005C (v02 VBOX   VBOXAPIC 00000001 ASL  00000061)
[    0.000000] ACPI: SSDT 0x000000003FFF02A0 0001CC (v01 VBOX   VBOXCPUT 00000002 INTL 20200925)
[    0.000000] No NUMA configuration found
[    0.000000] Faking a node at [mem 0x0000000000000000-0x000000003ffeffff]
[    0.000000] NODE_DATA(0) allocated [mem 0x3ffeb000-0x3ffeffff]
[    0.000000] kvm-clock: Using msrs 4b564d01 and 4b564d00
[    0.000000] kvm-clock: cpu 0, msr 0:3ffe3001, primary cpu clock
[    0.000000] kvm-clock: using sched offset of 3039546919 cycles
[    0.000000] clocksource: kvm-clock: mask: 0xffffffffffffffff max_cycles: 0x1cd42e4dffb, max_idle_ns: 881590591483 ns
[    0.000000] Zone ranges:
[    0.000000]   DMA      [mem 0x0000000000001000-0x0000000000ffffff]
[    0.000000]   DMA32    [mem 0x0000000001000000-0x000000003ffeffff]
[    0.000000]   Normal   empty
[    0.000000]   Device   empty
[    0.000000] Movable zone start for each node
[    0.000000] Early memory node ranges
[    0.000000]   node   0: [mem 0x0000000000001000-0x000000000009efff]
[    0.000000]   node   0: [mem 0x0000000000100000-0x000000003ffeffff]
[    0.000000] Initmem setup node 0 [mem 0x0000000000001000-0x000000003ffeffff]
[    0.000000] ACPI: PM-Timer IO Port: 0x4008
[    0.000000] IOAPIC[0]: apic_id 2, version 32, address 0xfec00000, GSI 0-23
[    0.000000] ACPI: INT_SRC_OVR (bus 0 bus_irq 0 global_irq 2 dfl dfl)
[    0.000000] ACPI: INT_SRC_OVR (bus 0 bus_irq 9 global_irq 9 low level)
[    0.000000] Using ACPI (MADT) for SMP configuration information
[    0.000000] smpboot: Allowing 2 CPUs, 0 hotplug CPUs
[    0.000000] PM: Registered nosave memory: [mem 0x00000000-0x00000fff]
[    0.000000] PM: Registered nosave memory: [mem 0x0009f000-0x0009ffff]
[    0.000000] PM: Registered nosave memory: [mem 0x000a0000-0x000effff]
[    0.000000] PM: Registered nosave memory: [mem 0x000f0000-0x000fffff]
[    0.000000] e820: [mem 0x40000000-0xfebfffff] available for PCI devices
[    0.000000] Booting paravirtualized kernel on KVM
[    0.000000] clocksource: refined-jiffies: mask: 0xffffffff max_cycles: 0xffffffff, max_idle_ns: 7645519600211568 ns
[    0.000000] setup_percpu: NR_CPUS:512 nr_cpumask_bits:512 nr_cpu_ids:2 nr_node_ids:1
[    0.000000] PERCPU: Embedded 33 pages/cpu @ffff88003fc00000 s95192 r8192 d31784 u1048576
[    0.000000] Built 1 zonelists in Node order, mobility grouping on.  Total pages: 257912
[    0.000000] Policy zone: DMA32
[    0.000000] Kernel command line: BOOT_IMAGE=/boot/vmlinuz-4.4.0-210-generic root=LABEL=cloudimg-rootfs ro console=tty1 console=ttyS0
[    0.000000] PID hash table entries: 4096 (order: 3, 32768 bytes)
[    0.000000] Memory: 997792K/1048120K available (8644K kernel code, 1332K rwdata, 4044K rodata, 1492K init, 1164K bss, 50328K reserved, 0K cma-reserved)
[    0.000000] SLUB: HWalign=64, Order=0-3, MinObjects=0, CPUs=2, Nodes=1
[    0.000000] Kernel/User page tables isolation: enabled
[    0.000000] Hierarchical RCU implementation.
[    0.000000] 	Build-time adjustment of leaf fanout to 64.
[    0.000000] 	RCU restricting CPUs from NR_CPUS=512 to nr_cpu_ids=2.
[    0.000000] RCU: Adjusting geometry for rcu_fanout_leaf=64, nr_cpu_ids=2
[    0.000000] NR_IRQS:33024 nr_irqs:440 16
[    0.000000] Console: colour VGA+ 80x25
[    0.000000] console [tty1] enabled
[    0.000000] console [ttyS0] enabled
[    0.000000] tsc: Detected 2419.202 MHz processor
[    0.089225] Calibrating delay loop (skipped) preset value.. 4838.40 BogoMIPS (lpj=9676808)
[    0.090400] pid_max: default: 32768 minimum: 301
[    0.091076] ACPI: Core revision 20150930
[    0.092279] ACPI: 2 ACPI AML tables successfully acquired and loaded
[    0.093208] Security Framework initialized
[    0.093790] Yama: becoming mindful.
[    0.094310] AppArmor: AppArmor initialized
[    0.094956] Dentry cache hash table entries: 131072 (order: 8, 1048576 bytes)
[    0.096591] Inode-cache hash table entries: 65536 (order: 7, 524288 bytes)
[    0.097502] Mount-cache hash table entries: 2048 (order: 2, 16384 bytes)
[    0.098315] Mountpoint-cache hash table entries: 2048 (order: 2, 16384 bytes)
[    0.099337] Initializing cgroup subsys io
[    0.099906] Initializing cgroup subsys memory
[    0.100500] Initializing cgroup subsys devices
[    0.101133] Initializing cgroup subsys freezer
[    0.101765] Initializing cgroup subsys net_cls
[    0.102369] Initializing cgroup subsys perf_event
[    0.103000] Initializing cgroup subsys net_prio
[    0.103653] Initializing cgroup subsys hugetlb
[    0.104252] Initializing cgroup subsys pids
[    0.130068] mce: CPU supports 0 MCE banks
[    0.130816] Last level iTLB entries: 4KB 0, 2MB 0, 4MB 0
[    0.131508] Last level dTLB entries: 4KB 0, 2MB 0, 4MB 0, 1GB 0
[    0.132253] Spectre V1 : Mitigation: usercopy/swapgs barriers and __user pointer sanitization
[    0.133414] Spectre V2 : Mitigation: Full generic retpoline
[    0.134129] Spectre V2 : Spectre v2 / SpectreRSB mitigation: Filling RSB on context switch
[    0.135281] Speculative Store Bypass: Vulnerable
[    0.135979] MDS: Mitigation: Clear CPU buffers
[    0.138673] Freeing SMP alternatives memory: 36K
[    0.144016] ftrace: allocating 32380 entries in 127 pages
[    0.187304] smpboot: APIC(0) Converting physical 0 to logical package 0
[    0.188278] smpboot: Max logical packages: 1
[    0.189061] x2apic enabled
[    0.189670] Switched APIC routing to physical x2apic.
[    0.191201] ..TIMER: vector=0x30 apic1=0 pin1=2 apic2=-1 pin2=-1
[    0.300071] smpboot: CPU0: 11th Gen Intel(R) Core(TM) i5-1135G7 @ 2.40GHz (family: 0x6, model: 0x8c, stepping: 0x1)
[    0.302029] Performance Events: unsupported p6 CPU model 140 no PMU driver, software events only.
[    0.312236] KVM setup paravirtual spinlock
[    0.313805] x86: Booting SMP configuration:
[    0.314402] .... node  #0, CPUs:      #1
[    0.315025] kvm-clock: cpu 1, msr 0:3ffe3041, secondary cpu clock
[    0.340586] mce: CPU supports 0 MCE banks
[    0.343109] x86: Booted up 1 node, 2 CPUs
[    0.343851] smpboot: Total of 2 processors activated (9676.80 BogoMIPS)
[    0.344951] devtmpfs: initialized
[    0.346351] evm: security.selinux
[    0.346897] evm: security.SMACK64
[    0.347407] evm: security.SMACK64EXEC
[    0.347933] evm: security.SMACK64TRANSMUTE
[    0.348497] evm: security.SMACK64MMAP
[    0.349094] evm: security.ima
[    0.349574] evm: security.capability
[    0.350219] clocksource: jiffies: mask: 0xffffffff max_cycles: 0xffffffff, max_idle_ns: 7645041785100000 ns
[    0.351467] futex hash table entries: 512 (order: 3, 32768 bytes)
[    0.352416] pinctrl core: initialized pinctrl subsystem
[    0.353170] RTC time: 22:21:56, date: 03/03/23
[    0.354170] NET: Registered protocol family 16
[    0.364034] cpuidle: using governor ladder
[    0.376216] cpuidle: using governor menu
[    0.376972] PCCT header not found.
[    0.377698] ACPI: bus type PCI registered
[    0.378456] acpiphp: ACPI Hot Plug PCI Controller Driver version: 0.5
[    0.379677] PCI: Using configuration type 1 for base access
[    0.393085] ACPI: Added _OSI(Module Device)
[    0.393734] ACPI: Added _OSI(Processor Device)
[    0.394377] ACPI: Added _OSI(3.0 _SCP Extensions)
[    0.395587] ACPI: Added _OSI(Processor Aggregator Device)
[    0.396998] ACPI: Executed 1 blocks of module-level executable AML code
[    0.399286] ACPI: Interpreter enabled
[    0.399939] ACPI: (supports S0 S5)
[    0.400556] ACPI: Using IOAPIC for interrupt routing
[    0.401426] PCI: Using host bridge windows from ACPI; if necessary, use "pci=nocrs" and report a bug
[    0.404914] ACPI: PCI Root Bridge [PCI0] (domain 0000 [bus 00-ff])
[    0.405824] acpi PNP0A03:00: _OSC: OS supports [ASPM ClockPM Segments MSI]
[    0.406870] acpi PNP0A03:00: _OSC: not requesting OS control; OS requires [ExtendedConfig ASPM ClockPM MSI]
[    0.408169] acpi PNP0A03:00: fail to add MMCONFIG information, can't access extended PCI configuration space under this bridge.
[    0.409795] PCI host bridge to bus 0000:00
[    0.410406] pci_bus 0000:00: root bus resource [io  0x0000-0x0cf7 window]
[    0.411231] pci_bus 0000:00: root bus resource [io  0x0d00-0xffff window]
[    0.412060] pci_bus 0000:00: root bus resource [mem 0x000a0000-0x000bffff window]
[    0.413142] pci_bus 0000:00: root bus resource [mem 0x40000000-0xfdffffff window]
[    0.414178] pci_bus 0000:00: root bus resource [bus 00-ff]
[    0.415925] pci 0000:00:01.1: legacy IDE quirk: reg 0x10: [io  0x01f0-0x01f7]
[    0.416858] pci 0000:00:01.1: legacy IDE quirk: reg 0x14: [io  0x03f6]
[    0.417658] pci 0000:00:01.1: legacy IDE quirk: reg 0x18: [io  0x0170-0x0177]
[    0.418513] pci 0000:00:01.1: legacy IDE quirk: reg 0x1c: [io  0x0376]
[    0.432498] pci 0000:00:07.0: quirk: [io  0x4000-0x403f] claimed by PIIX4 ACPI
[    0.433585] pci 0000:00:07.0: quirk: [io  0x4100-0x410f] claimed by PIIX4 SMB
[    0.438634] ACPI: PCI Interrupt Link [LNKA] (IRQs 5 9 10 *11)
[    0.439807] ACPI: PCI Interrupt Link [LNKB] (IRQs 5 9 *10 11)
[    0.440857] ACPI: PCI Interrupt Link [LNKC] (IRQs 5 *9 10 11)
[    0.441917] ACPI: PCI Interrupt Link [LNKD] (IRQs 5 9 10 *11)
[    0.442958] ACPI: Enabled 2 GPEs in block 00 to 07
[    0.443874] vgaarb: setting as boot device: PCI:0000:00:02.0
[    0.444644] vgaarb: device added: PCI:0000:00:02.0,decodes=io+mem,owns=io+mem,locks=none
[    0.445769] vgaarb: loaded
[    0.446206] vgaarb: bridge control possible 0000:00:02.0
[    0.447055] SCSI subsystem initialized
[    0.447702] ACPI: bus type USB registered
[    0.448279] usbcore: registered new interface driver usbfs
[    0.448998] usbcore: registered new interface driver hub
[    0.449680] usbcore: registered new device driver usb
[    0.451110] PCI: Using ACPI for IRQ routing
[    0.451912] NetLabel: Initializing
[    0.452424] NetLabel:  domain hash size = 128
[    0.453008] NetLabel:  protocols = UNLABELED CIPSOv4
[    0.453746] NetLabel:  unlabeled traffic allowed by default
[    0.454556] amd_nb: Cannot enumerate AMD northbridges
[    0.455243] clocksource: Switched to clocksource kvm-clock
[    0.460919] AppArmor: AppArmor Filesystem Enabled
[    0.461685] pnp: PnP ACPI init
[    0.462747] pnp: PnP ACPI: found 3 devices
[    0.470006] clocksource: acpi_pm: mask: 0xffffff max_cycles: 0xffffff, max_idle_ns: 2085701024 ns
[    0.471407] NET: Registered protocol family 2
[    0.472270] TCP established hash table entries: 8192 (order: 4, 65536 bytes)
[    0.473147] TCP bind hash table entries: 8192 (order: 5, 131072 bytes)
[    0.473953] TCP: Hash tables configured (established 8192 bind 8192)
[    0.474746] UDP hash table entries: 512 (order: 2, 16384 bytes)
[    0.475585] UDP-Lite hash table entries: 512 (order: 2, 16384 bytes)
[    0.476396] NET: Registered protocol family 1
[    0.476999] pci 0000:00:00.0: Limiting direct PCI/PCI transfers
[    0.477749] pci 0000:00:01.0: Activating ISA DMA hang workarounds
[    0.478653] Unpacking initramfs...
[    0.635205] Freeing initrd memory: 14888K
[    0.635995] clocksource: tsc: mask: 0xffffffffffffffff max_cycles: 0x22df12c5959, max_idle_ns: 440795242016 ns
[    0.637301] platform rtc_cmos: registered platform RTC device (no PNP device found)
[    0.638353] Scanning for low memory corruption every 60 seconds
[    0.639382] audit: initializing netlink subsys (disabled)
[    0.640095] audit: type=2000 audit(1677882121.313:1): initialized
[    0.641035] Initialise system trusted keyring
[    0.641770] HugeTLB registered 2 MB page size, pre-allocated 0 pages
[    0.643439] zbud: loaded
[    0.644113] VFS: Disk quotas dquot_6.6.0
[    0.644694] VFS: Dquot-cache hash table entries: 512 (order 0, 4096 bytes)
[    0.645664] squashfs: version 4.0 (2009/01/31) Phillip Lougher
[    0.646566] fuse init (API version 7.23)
[    0.647202] Key type big_key registered
[    0.647794] Allocating IMA MOK and blacklist keyrings.
[    0.648986] Key type asymmetric registered
[    0.649545] Asymmetric key parser 'x509' registered
[    0.650201] Block layer SCSI generic (bsg) driver version 0.4 loaded (major 249)
[    0.651231] io scheduler noop registered
[    0.651811] io scheduler deadline registered (default)
[    0.652489] io scheduler cfq registered
[    0.653094] pci_hotplug: PCI Hot Plug PCI Core version: 0.5
[    0.653795] pciehp: PCI Express Hot Plug Controller Driver version: 0.4
[    0.654677] ACPI: AC Adapter [AC] (off-line)
[    0.655296] input: Power Button as /devices/LNXSYSTM:00/LNXPWRBN:00/input/input0
[    0.656332] ACPI: Power Button [PWRF]
[    0.656888] input: Sleep Button as /devices/LNXSYSTM:00/LNXSLPBN:00/input/input1
[    0.657892] ACPI: Sleep Button [SLPF]
[    0.658528] GHES: HEST is not enabled!
[    0.659087] ACPI: Battery Slot [BAT0] (battery present)
[    0.660000] Serial: 8250/16550 driver, 32 ports, IRQ sharing enabled
[    0.681162] 00:02: ttyS0 at I/O 0x3f8 (irq = 4, base_baud = 115200) is a 16550A
[    0.683919] Linux agpgart interface v0.103
[    0.685690] loop: module loaded
[    0.686578] scsi host0: ata_piix
[    0.687192] scsi host1: ata_piix
[    0.687733] ata1: PATA max UDMA/33 cmd 0x1f0 ctl 0x3f6 bmdma 0xd000 irq 14
[    0.688783] ata2: PATA max UDMA/33 cmd 0x170 ctl 0x376 bmdma 0xd008 irq 15
[    0.689876] libphy: Fixed MDIO Bus: probed
[    0.690501] tun: Universal TUN/TAP device driver, 1.6
[    0.691210] tun: (C) 1999-2004 Max Krasnyansky <maxk@qualcomm.com>
[    0.692088] PPP generic driver version 2.4.2
[    0.692727] ehci_hcd: USB 2.0 'Enhanced' Host Controller (EHCI) Driver
[    0.693546] ehci-pci: EHCI PCI platform driver
[    0.694169] ehci-platform: EHCI generic platform driver
[    0.694846] ohci_hcd: USB 1.1 'Open' Host Controller (OHCI) Driver
[    0.695706] ohci-pci: OHCI PCI platform driver
[    0.696428] ohci-platform: OHCI generic platform driver
[    0.697225] uhci_hcd: USB Universal Host Controller Interface driver
[    0.698200] i8042: PNP: PS/2 Controller [PNP0303:PS2K,PNP0f03:PS2M] at 0x60,0x64 irq 1,12
[    0.699906] serio: i8042 KBD port at 0x60,0x64 irq 1
[    0.700679] serio: i8042 AUX port at 0x60,0x64 irq 12
[    0.701608] mousedev: PS/2 mouse device common for all mice
[    0.702606] input: AT Translated Set 2 keyboard as /devices/platform/i8042/serio0/input/input2
[    0.704194] rtc_cmos rtc_cmos: rtc core: registered rtc_cmos as rtc0
[    0.705202] rtc_cmos rtc_cmos: alarms up to one day, 114 bytes nvram
[    0.706136] i2c /dev entries driver
[    0.706780] device-mapper: uevent: version 1.0.3
[    0.707591] device-mapper: ioctl: 4.34.0-ioctl (2015-10-28) initialised: dm-devel@redhat.com
[    0.708936] ledtrig-cpu: registered to indicate activity on CPUs
[    0.710076] NET: Registered protocol family 10
[    0.710968] NET: Registered protocol family 17
[    0.711695] Key type dns_resolver registered
[    0.712611] registered taskstats version 1
[    0.713303] Loading compiled-in X.509 certificates
[    0.714542] Loaded X.509 cert 'Build time autogenerated kernel key: cf00e047681d67edb2720680708b7d9498083038'
[    0.715985] zswap: loaded using pool lzo/zbud
[    0.718042] Key type trusted registered
[    0.720704] Key type encrypted registered
[    0.721376] AppArmor: AppArmor sha1 policy hashing enabled
[    0.722153] ima: No TPM chip found, activating TPM-bypass!
[    0.722999] ima: Allocated hash algorithm: sha1
[    0.723706] evm: HMAC attrs: 0x1
[    0.724457]   Magic number: 15:363:400
[    0.725137] rtc_cmos rtc_cmos: setting system clock to 2023-03-03 22:21:56 UTC (1677882116)
[    0.726572] BIOS EDD facility v0.16 2004-Jun-25, 0 devices found
[    0.727447] EDD information not available.
[    0.869728] Freeing unused kernel memory: 1492K
[    0.870512] Write protecting the kernel read-only data: 14336k
[    0.871653] Freeing unused kernel memory: 1584K
[    0.872487] Freeing unused kernel memory: 52K
Loading, please wait...
starting version 229
[    0.881374] random: systemd-udevd: uninitialized urandom read (16 bytes read, 3 bits of entropy available)
[    0.881782] random: udevadm: uninitialized urandom read (16 bytes read, 3 bits of entropy available)
[    0.881815] random: udevadm: uninitialized urandom read (16 bytes read, 3 bits of entropy available)
[    0.885759] random: systemd-udevd: uninitialized urandom read (16 bytes read, 3 bits of entropy available)
[    0.887140] random: systemd-udevd: uninitialized urandom read (16 bytes read, 3 bits of entropy available)
[    0.887925] random: udevadm: uninitialized urandom read (16 bytes read, 3 bits of entropy available)
[    0.887980] random: udevadm: uninitialized urandom read (16 bytes read, 3 bits of entropy available)
[    0.888100] random: udevadm: uninitialized urandom read (16 bytes read, 3 bits of entropy available)
[    0.888148] random: udevadm: uninitialized urandom read (16 bytes read, 3 bits of entropy available)
[    0.888197] random: udevadm: uninitialized urandom read (16 bytes read, 3 bits of entropy available)
[    0.935902] e1000: Intel(R) PRO/1000 Network Driver - version 7.3.21-k8-NAPI
[    0.936975] e1000: Copyright (c) 1999-2006 Intel Corporation.
[    0.940618] Fusion MPT base driver 3.04.20
[    0.941602] Copyright (c) 1999-2008 LSI Corporation
[    0.947893] Fusion MPT SPI Host driver 3.04.20
[    0.953107] AVX2 version of gcm_enc/dec engaged.
[    0.953764] AES CTR mode by8 optimization enabled
[    1.141106] input: ImExPS/2 Generic Explorer Mouse as /devices/platform/i8042/serio1/input/input4
[    1.271280] e1000 0000:00:03.0 eth0: (PCI:33MHz:32-bit) 02:be:82:6b:cc:1d
[    1.272601] e1000 0000:00:03.0 eth0: Intel(R) PRO/1000 Network Connection
[    1.274470] mptbase: ioc0: Initiating bringup
[    1.822764] ioc0: LSI53C1030 A0: Capabilities={Initiator}
[    3.996816] scsi host2: ioc0: LSI53C1030 A0, FwRev=00000000h, Ports=1, MaxQ=256, IRQ=20
[    5.643620] scsi 2:0:0:0: Direct-Access     VBOX     HARDDISK         1.0  PQ: 0 ANSI: 5
[    5.648719] scsi target2:0:0: Beginning Domain Validation
[    5.650632] scsi target2:0:0: Domain Validation skipping write tests
[    5.651548] scsi target2:0:0: Ending Domain Validation
[    5.652371] scsi target2:0:0: asynchronous
[    5.653225] scsi 2:0:1:0: Direct-Access     VBOX     HARDDISK         1.0  PQ: 0 ANSI: 5
[    5.654422] scsi target2:0:1: Beginning Domain Validation
[    5.655746] scsi target2:0:1: Domain Validation skipping write tests
[    5.656695] scsi target2:0:1: Ending Domain Validation
[    5.657530] scsi target2:0:1: asynchronous
[    5.660895] sd 2:0:0:0: Attached scsi generic sg0 type 0
[    5.668702] sd 2:0:0:0: [sda] 83886080 512-byte logical blocks: (42.9 GB/40.0 GiB)
[    5.670190] sd 2:0:1:0: Attached scsi generic sg1 type 0
[    5.671271] sd 2:0:1:0: [sdb] 20480 512-byte logical blocks: (10.5 MB/10.0 MiB)
[    5.672717] sd 2:0:0:0: [sda] Write Protect is off
[    5.673580] sd 2:0:0:0: [sda] Incomplete mode parameter data
[    5.674484] sd 2:0:0:0: [sda] Assuming drive cache: write through
[    5.675418] sd 2:0:1:0: [sdb] Write Protect is off
[    5.676671] sd 2:0:1:0: [sdb] Incomplete mode parameter data
[    5.677526] sd 2:0:1:0: [sdb] Assuming drive cache: write through
[    5.679119]  sda: sda1
[    5.680300] sd 2:0:0:0: [sda] Attached SCSI disk
[    5.681761] sd 2:0:1:0: [sdb] Attached SCSI disk
[    6.008241] e1000 0000:00:08.0 eth1: (PCI:33MHz:32-bit) 08:00:27:f2:30:99
[    6.009390] e1000 0000:00:08.0 eth1: Intel(R) PRO/1000 Network Connection
[    6.011314] e1000 0000:00:03.0 enp0s3: renamed from eth0
[    6.027484] e1000 0000:00:08.0 enp0s8: renamed from eth1
Begin: Loading essential drivers ... [    7.247945] md: linear personality registered for level -1
[    7.250584] md: multipath personality registered for level -4
[    7.253066] md: raid0 personality registered for level 0
[    7.256418] md: raid1 personality registered for level 1
[    7.343251] raid6: sse2x1   gen() 16337 MB/s
[    7.414961] raid6: sse2x1   xor() 11620 MB/s
[    7.483282] raid6: sse2x2   gen() 22664 MB/s
[    7.566944] raid6: sse2x2   xor() 18648 MB/s
[    7.635547] raid6: sse2x4   gen() 23613 MB/s
[    7.705659] raid6: sse2x4   xor() 15144 MB/s
[    7.786976] raid6: avx2x1   gen() 35981 MB/s
[    7.859034] raid6: avx2x2   gen() 37648 MB/s
[    7.931047] raid6: avx2x4   gen() 42614 MB/s
[    7.931837] raid6: using algorithm avx2x4 gen() 42614 MB/s
[    7.932725] raid6: using avx2x2 recovery algorithm
[    7.934270] xor: automatically using best checksumming function:
[    7.971359]    avx       : 27926.000 MB/sec
[    7.973143] async_tx: api initialized (async)
[    7.982900] md: raid6 personality registered for level 6
[    7.983868] md: raid5 personality registered for level 5
[    7.984673] md: raid4 personality registered for level 4
[    7.990154] md: raid10 personality registered for level 10
done.
Begin: Running /scripts/init-premount ... done.
Begin: Mounting root file system ... Begin: Running /scripts/local-top ... done.
Begin: Running /scripts/local-premount ... [    8.012069] Btrfs loaded
Scanning for Btrfs filesystems
done.
Warning: fsck not present, so skipping root file system
[    8.048051] EXT4-fs (sda1): mounted filesystem with ordered data mode. Opts: (null)
done.
Begin: Running /scripts/local-bottom ... done.
Begin: Running /scripts/init-bottom ... done.
[    8.096309] systemd[1]: systemd 229 running in system mode. (+PAM +AUDIT +SELINUX +IMA +APPARMOR +SMACK +SYSVINIT +UTMP +LIBCRYPTSETUP +GCRYPT +GNUTLS +ACL +XZ -LZ4 +SECCOMP +BLKID +ELFUTILS +KMOD -IDN)
[    8.098968] systemd[1]: Detected virtualization oracle.
[    8.099784] systemd[1]: Detected architecture x86-64.

Welcome to [1mUbuntu 16.04.7 LTS[0m!

[    8.101923] systemd[1]: Set hostname to <ubuntu>.
[    8.103484] systemd[1]: Initializing machine ID from random generator.
[    8.104463] systemd[1]: Installed transient /etc/machine-id file.
[    8.177604] systemd[1]: Listening on /dev/initctl Compatibility Named Pipe.
[[0;32m  OK  [0m] Listening on /dev/initctl Compatibility Named Pipe.
[    8.179122] systemd[1]: Listening on Device-mapper event daemon FIFOs.
[[0;32m  OK  [0m] Listening on Device-mapper event daemon FIFOs.
[    8.180624] systemd[1]: Created slice System Slice.
[[0;32m  OK  [0m] Created slice System Slice.
[    8.181718] systemd[1]: Started Trigger resolvconf update for networkd DNS.
[[0;32m  OK  [0m] Started Trigger resolvconf update for networkd DNS.
[    8.183114] systemd[1]: Listening on udev Kernel Socket.
[[0;32m  OK  [0m] Listening on udev Kernel Socket.
[    8.184287] systemd[1]: Started Forward Password Requests to Wall Directory Watch.
[[0;32m  OK  [0m] Started Forward Password Requests to Wall Directory Watch.
[    8.186110] systemd[1]: Created slice User and Session Slice.
[[0;32m  OK  [0m] Created slice User and Session Slice.
[    8.187332] systemd[1]: Reached target Slices.
[[0;32m  OK  [0m] Reached target Slices.
[    8.188378] systemd[1]: Reached target User and Group Name Lookups.
[[0;32m  OK  [0m] Reached target User and Group Name Lookups.
[    8.189711] systemd[1]: Reached target Swap.
[[0;32m  OK  [0m] Reached target Swap.
[    8.190754] systemd[1]: Listening on Syslog Socket.
[[0;32m  OK  [0m] Listening on Syslog Socket.
[    8.191866] systemd[1]: Listening on fsck to fsckd communication Socket.
[[0;32m  OK  [0m] Listening on fsck to fsckd communication Socket.
[    8.193376] systemd[1]: Created slice system-serial\x2dgetty.slice.
[[0;32m  OK  [0m] Created slice system-serial\x2dgetty.slice.
[    8.194695] systemd[1]: Listening on LVM2 metadata daemon socket.
[[0;32m  OK  [0m] Listening on LVM2 metadata daemon socket.
[    8.207482] systemd[1]: Listening on LVM2 poll daemon socket.
[[0;32m  OK  [0m] Listening on LVM2 poll daemon socket.
[    8.208748] systemd[1]: Reached target System Time Synchronized.
[[0;32m  OK  [0m] Reached target System Time Synchronized.
[    8.210141] systemd[1]: Set up automount Arbitrary Executable File Formats File System Automount Point.
[[0;32m  OK  [0m] Set up automount Arbitrary Executab...ats File System Automount Point.
[    8.212054] systemd[1]: Reached target Encrypted Volumes.
[[0;32m  OK  [0m] Reached target Encrypted Volumes.
[    8.213283] systemd[1]: Listening on Journal Socket (/dev/log).
[[0;32m  OK  [0m] Listening on Journal Socket (/dev/log).
[    8.214591] systemd[1]: Listening on Journal Socket.
[[0;32m  OK  [0m] Listening on Journal Socket.
[    8.227414] systemd[1]: Mounting Huge Pages File System...
         Mounting Huge Pages File System...
[    8.229160] systemd[1]: Starting File System Check on Root Device...
         Starting File System Check on Root Device...
[    8.231081] systemd[1]: Mounting POSIX Message Queue File System...
         Mounting POSIX Message Queue File System...
[    8.235330] systemd[1]: Starting Nameserver information manager...
         Starting Nameserver information manager...
[    8.237175] systemd[1]: Starting Uncomplicated firewall...
         Starting Uncomplicated firewall...
[    8.239548] systemd[1]: Starting Load Kernel Modules...
         Starting Load Kernel Modules...
[    8.241256] systemd[1]: Mounting Debug File System...
         Mounting Debug File System...
[    8.243526] systemd[1]: Starting Create list of required static device nodes for the current kernel...
         Starting Create list of required st... nodes for the current kernel...
[    8.245996] systemd[1]: Starting Monitoring of LVM2 mirrors, snapshots etc. using dmeventd or progress polling...
         Starting Monitoring of LVM2 mirrors... dmeventd or progress polling...
[    8.248589] systemd[1]: Starting Set console keymap...
         Starting Set console keymap...
[    8.249918] systemd[1]: Listening on Journal Audit Socket.
[[0;32m  OK  [0m] Listening on Journal Audit Socket.
[    8.251938] systemd[1]: Starting Journal Service...
         Starting Journal Service...
[    8.253427] systemd[1]: Listening on udev Control Socket.
[[0;32m  OK  [0m] Listening on udev Control Socket.
[    8.256454] Loading iSCSI transport class v2.0-870.
[    8.258468] systemd[1]: Mounted Huge Pages File System.
[[0;32m  OK  [0m] Mounted Huge Pages File System.
[    8.259830] systemd[1]: Mounted POSIX Message Queue File System.
[[0;32m  OK  [0m] Mounted POSIX Message Queue File System.
[    8.261101] systemd[1]: Mounted Debug File System.
[[0;32m  OK  [0m] Mounted Debug File System.
[    8.263350] systemd[1]: Started File System Check on Root Device.
[[0;32m  OK  [0m] Started File System Check on Root Device.
[    8.268146] systemd[1]: Started Uncomplicated firewall.
[[0;32m  OK  [0m] Started Uncomplicated firewall.
[    8.269809] systemd[1]: Started Create list of required static device nodes for the current kernel.
[[0;32m  OK  [0m] Started Create list of required sta...ce nodes for the current kernel.
[    8.272233] systemd[1]: Started Nameserver information manager.
[[0;32m  OK  [0m] Started Nameserver information manager.
[    8.275991] systemd[1]: Started File System Check Daemon to report status.
[[0;32m  OK  [0m] Started File System Check Daemon to report status.
[    8.279235] systemd[1]: Starting Create Static Device Nodes in /dev...
         Starting Create Static Device Nodes in /dev...
[    8.284638] systemd[1]: Starting Remount Root and Kernel File Systems...
         Starting Remount Root and Kernel File Systems...
[    8.287044] systemd[1]: Started LVM2 metadata daemon.
[[0;32m  OK  [0m] Started LVM2 metadata daemon.
[    8.288679] systemd[1]: Started Set console keymap.
[[0;32m  OK  [0m] Started Set console keymap.
[    8.291106] EXT4-fs (sda1): re-mounted. Opts: (null)
[    8.291481] systemd[1]: Started Create Static Device Nodes in /dev.
[[0;32m  OK  [0m] Started Create Static Device Nodes in /dev.
[    8.294560] systemd[1]: Starting udev Kernel Device Manager...
         Starting udev Kernel Device Manager...
[    8.296719] systemd[1]: Started Remount Root and Kernel File Systems.
[[0;32m  OK  [0m] Started Remount Root and Kernel File Systems.
[    8.298265] iscsi: registered transport (tcp)
[    8.320340] iscsi: registered transport (iser)
[    8.323365] systemd[1]: Starting udev Coldplug all Devices...
         Starting udev Coldplug all Devices...
[    8.325100] systemd[1]: Starting Load/Save Random Seed...
         Starting Load/Save Random Seed...
[    8.326660] systemd[1]: Started udev Kernel Device Manager.
[[0;32m  OK  [0m] Started udev Kernel Device Manager.
[    8.328150] systemd[1]: Started Journal Service.
[[0;32m  OK  [0m] Started Journal Service.
[[0;32m  OK  [0m] Started Load Kernel Modules.
[[0;32m  OK  [0m] Started Load/Save Random Seed.
         Starting Apply Kernel Variables...
         Mounting FUSE Control File System...
         Starting Flush Journal to Persistent Storage...
[[0;32m  OK  [0m] Mounted FUSE Control File System.
[    8.340805] systemd-journald[400]: Received request to flush runtime journal from PID 1
[[0;32m  OK  [0m] Started Flush Journal to Persistent Storage.
[[0;32m  OK  [0m] Started Apply Kernel Variables.
[[0;32m  OK  [0m] Started udev Coldplug all Devices.
[[0;32m  OK  [0m] Started Dispatch Password Requests to Console Directory Watch.
[[0;32m  OK  [0m] Found device /dev/ttyS0.
[[0;32m  OK  [0m] Listening on Load/Save RF Kill Switch Status /dev/rfkill Watch.
[[0;32m  OK  [0m] Started Monitoring of LVM2 mirrors,...ng dmeventd or progress polling.
[[0;32m  OK  [0m] Reached target Local File Systems (Pre).
[[0;32m  OK  [0m] Reached target Local File Systems.
         Starting Tell Plymouth To Write Out Runtime Data...
         Starting Initial cloud-init job (pre-networking)...
         Starting Set console font and keymap...
         Starting Commit a transient machine-id on disk...
         Starting Create Volatile Files and Directories...
         Starting LSB: AppArmor initialization...
[[0;32m  OK  [0m] Started Tell Plymouth To Write Out Runtime Data.
[[0;32m  OK  [0m] Started Create Volatile Files and Directories.
         Starting Update UTMP about System Boot/Shutdown...
[[0;32m  OK  [0m] Started Update UTMP about System Boot/Shutdown.
[[0;32m  OK  [0m] Started Commit a transient machine-id on disk.
[[0;32m  OK  [0m] Started LSB: AppArmor initialization.
         Starting Load AppArmor profiles managed internally by snapd...
[[0;32m  OK  [0m] Started Load AppArmor profiles managed internally by snapd.
[    9.187568] cloud-init[605]: Cloud-init v. 21.1-19-gbad84ad4-0ubuntu1~16.04.2 running 'init-local' at Fri, 03 Mar 2023 22:22:04 +0000. Up 8.95 seconds.
[[0;32m  OK  [0m] Started Set console font and keymap.
[[0;32m  OK  [0m] Created slice system-getty.slice.
[[0;32m  OK  [0m] Started Initial cloud-init job (pre-networking).
[[0;32m  OK  [0m] Reached target Network (Pre).
         Starting Raise network interfaces...
[[0;32m  OK  [0m] Started Raise network interfaces.
         Starting Initial cloud-init job (metadata service crawler)...
[[0;32m  OK  [0m] Reached target Network.
[    9.868163] cloud-init[978]: Cloud-init v. 21.1-19-gbad84ad4-0ubuntu1~16.04.2 running 'init' at Fri, 03 Mar 2023 22:22:05 +0000. Up 9.52 seconds.
[    9.869334] cloud-init[978]: ci-info: ++++++++++++++++++++++++++++++++++++++Net device info+++++++++++++++++++++++++++++++++++++++
[    9.870383] cloud-init[978]: ci-info: +--------+-------+----------------------------+---------------+--------+-------------------+
[    9.871392] cloud-init[978]: ci-info: | Device |   Up  |          Address           |      Mask     | Scope  |     Hw-Address    |
[    9.872382] cloud-init[978]: ci-info: +--------+-------+----------------------------+---------------+--------+-------------------+
[    9.873397] cloud-init[978]: ci-info: | enp0s3 |  True |         10.0.2.15          | 255.255.255.0 | global | 02:be:82:6b:cc:1d |
[    9.874612] cloud-init[978]: ci-info: | enp0s3 |  True | fe80::be:82ff:fe6b:cc1d/64 |       .       |  link  | 02:be:82:6b:cc:1d |
[    9.876041] cloud-init[978]: ci-info: | enp0s8 | False |             .              |       .       |   .    | 08:00:27:f2:30:99 |
[    9.877348] cloud-init[978]: ci-info: |   lo   |  True |         127.0.0.1          |   255.0.0.0   |  host  |         .         |
[    9.878702] cloud-init[978]: ci-info: |   lo   |  True |          ::1/128           |       .       |  host  |         .         |
[    9.879966] cloud-init[978]: ci-info: +--------+-------+----------------------------+---------------+--------+-------------------+
[    9.881195] cloud-init[978]: ci-info: +++++++++++++++++++++++++++Route IPv4 info++++++++++++++++++++++++++++
[    9.882325] cloud-init[978]: ci-info: +-------+-------------+----------+---------------+-----------+-------+
[    9.883415] cloud-init[978]: ci-info: | Route | Destination | Gateway  |    Genmask    | Interface | Flags |
[    9.884494] cloud-init[978]: ci-info: +-------+-------------+----------+---------------+-----------+-------+
[    9.885602] cloud-init[978]: ci-info: |   0   |   0.0.0.0   | 10.0.2.2 |    0.0.0.0    |   enp0s3  |   UG  |
[    9.886696] cloud-init[978]: ci-info: |   1   |   10.0.2.0  | 0.0.0.0  | 255.255.255.0 |   enp0s3  |   U   |
[    9.887773] cloud-init[978]: ci-info: +-------+-------------+----------+---------------+-----------+-------+
[    9.888908] cloud-init[978]: ci-info: +++++++++++++++++++Route IPv6 info+++++++++++++++++++
[    9.889862] cloud-init[978]: ci-info: +-------+-------------+---------+-----------+-------+
[    9.890819] cloud-init[978]: ci-info: | Route | Destination | Gateway | Interface | Flags |
[    9.891597] cloud-init[978]: ci-info: +-------+-------------+---------+-----------+-------+
[    9.892476] cloud-init[978]: ci-info: |   0   |  fe80::/64  |    ::   |   enp0s3  |   U   |
[    9.896359] cloud-init[978]: ci-info: |   3   |   ff00::/8  |    ::   |   enp0s3  |   U   |
[    9.897098] cloud-init[978]: ci-info: +-------+-------------+---------+-----------+-------+
[    9.897868] cloud-init[978]: Generating public/private rsa key pair.
[    9.898510] cloud-init[978]: Your identification has been saved in /etc/ssh/ssh_host_rsa_key.
[    9.899282] cloud-init[978]: Your public key has been saved in /etc/ssh/ssh_host_rsa_key.pub.
[    9.900047] cloud-init[978]: The key fingerprint is:
[    9.900640] cloud-init[978]: SHA256:Bp5CHnC1hAFEbNBJiXwUjuoHzCFw4j1VjSPzqZCfBns root@ubuntu-xenial
[    9.901393] cloud-init[978]: The key's randomart image is:
[    9.901945] cloud-init[978]: +---[RSA 2048]----+
[    9.902466] cloud-init[978]: |=OO*+=+.o        |
[    9.902977] cloud-init[978]: |++X+o+ + .       |
[    9.903491] cloud-init[978]: |.=.++ * o        |
[    9.904005] cloud-init[978]: |= .*.o =         |
[    9.904562] cloud-init[978]: |.+  B = S        |
[    9.905087] cloud-init[978]: |. .. E .         |
[    9.905632] cloud-init[978]: | . .o            |
[    9.906109] cloud-init[978]: |  .              |
[    9.906703] cloud-init[978]: |                 |
[    9.908554] cloud-init[978]: +----[SHA256]-----+
[    9.909137] cloud-init[978]: Generating public/private dsa key pair.
[    9.909824] cloud-init[978]: Your identification has been saved in /etc/ssh/ssh_host_dsa_key.
[    9.910622] cloud-init[978]: Your public key has been saved in /etc/ssh/ssh_host_dsa_key.pub.
[    9.911466] cloud-init[978]: The key fingerprint is:
[    9.927289] cloud-init[978]: SHA256:B8gFC1cerMuFNZTLHWTtnmKs9QgVPEZIUXklUL9idDg root@ubuntu-xenial
[    9.928245] cloud-init[978]: The key's randomart image is:
[    9.928951] cloud-init[978]: +---[DSA 1024]----+
[    9.929153] cloud-init[978]: |    . o*BO*=o..  |
[    9.929465] cloud-init[978]: |     + =*oB o+   |
[    9.929725] cloud-init[978]: |      +=o= *E o  |
[    9.930133] cloud-init[978]: |      o +.o..o . |
[    9.930381] cloud-init[978]: |     . oSo..o..  |
[    9.930719] cloud-init[978]: |      o ..=.o.   |
[    9.931048] cloud-init[978]: |         = +     |
[    9.931289] cloud-init[978]: |        . . .    |
[    9.931529] cloud-init[978]: |                 |
[    9.931775] cloud-init[978]: +----[SHA256]-----+
[    9.932133] cloud-init[978]: Generating public/private ecdsa key pair.
[    9.932320] cloud-init[978]: Your identification has been saved in /etc/ssh/ssh_host_ecdsa_key.
[    9.932576] cloud-init[978]: Your public key has been saved in /etc/ssh/ssh_host_ecdsa_key.pub.
[    9.932903] cloud-init[978]: The key fingerprint is:
[    9.933149] cloud-init[978]: SHA256:I4rg5dCX8aNorp4lAj4IIEyr2yH81oJvBEzXjIHJOIA root@ubuntu-xenial
[    9.933477] cloud-init[978]: The key's randomart image is:
[    9.933722] cloud-init[978]: +---[ECDSA 256]---+
[[0;32m  OK  [0m] Started Initial cloud-init job (metadata service crawler).
[    9.935683] cloud-init[978]: |*.o.=            |
[    9.935823] cloud-init[978]: |E=.o o           |
[    9.936181] cloud-init[978]: |=+.  .           |
[    9.936487] cloud-init[978]: |=o.   +          |
[    9.936646] cloud-init[978]: |*ooo o.oS        |
[    9.936985] cloud-init[978]: |*=*++.....       |
[    9.937229] cloud-init[978]: |+*+O.o           |
[    9.937472] cloud-init[978]: |. X..            |
[    9.937795] cloud-init[978]: |.+oo             |
[[0;32m  OK  [0m] Reached target Cloud-config availability.
[    9.937917] cloud-init[978]: +----[SHA256]-----+
[    9.939004] cloud-init[978]: Generating public/private ed25519 key pair.
[    9.939167] cloud-init[978]: Your identification has been saved in /etc/ssh/ssh_host_ed25519_key.
[    9.939446] cloud-init[978]: Your public key has been saved in /etc/ssh/ssh_host_ed25519_key.pub.
[[0;32m  OK  [0m] Reached target System Initialization.
[[    9.939704] cloud-init[978]: The key fingerprint is:
[    9.941858] cloud-init[978]: SHA256:qQAaSInRbb5oLLUa6m6Kl/N4tF4BFfJ17ulBs4wUWUo root@ubuntu-xenial
[0;32m  OK  [0m] Listening on UUID daemon activation socket.
[    9.942014] cloud-init[978]: The key's randomart image is:
[    9.943392] cloud-init[978]: +--[ED25519 256]--+
[    9.943635] cloud-init[978]: |o+... o.Eoo      |
[    9.943880] cloud-init[978]: |+.. o+ o.=       |
[    9.944332] cloud-init[978]: |o .o. . o +      |
[    9.944616] cloud-init[978]: | o.... . * +     |
[    9.944923] cloud-init[978]: |.o o... S *      |
[    9.945227] cloud-init[978]: |o = o. o . .     |
[    9.945529] cloud-init[978]: |.= o .o   .      |
[    9.945770] cloud-init[978]: |+.+.o.           |
[    9.946017] cloud-init[978]: |B+.=o            |
[[0;32m  OK  [0m] Listening on ACPID Listen Socket.
[    9.946101] cloud-init[978]: +----[SHA256]-----+
         Starting LXD - unix socket.
[[0;32m  OK  [0m] Started ACPI Events Check.
[[0;32m  OK  [0m] Reached target Paths.
[[0;32m  OK  [0m] Listening on D-Bus System Message Bus Socket.
[[0;32m  OK  [0m] Started Daily Cleanup of Temporary Directories.
[[0;32m  OK  [0m] Started Daily apt download activities.
[[0;32m  OK  [0m] Started Daily apt upgrade and clean activities.
         Starting Socket activation for snappy daemon.
[[0;32m  OK  [0m] Started Message of the Day.
[[0;32m  OK  [0m] Started Ubuntu Advantage update messaging.
[[0;32m  OK  [0m] Reached target Timers.
[[0;32m  OK  [0m] Reached target Network is Online.
         Starting iSCSI initiator daemon (iscsid)...
[[0;32m  OK  [0m] Listening on LXD - unix socket.
[[0;32m  OK  [0m] Listening on Socket activation for snappy daemon.
[[0;32m  OK  [0m] Reached target Sockets.
[[0;32m  OK  [0m] Reached target Basic System.
         Starting Accounts Service...
         Starting System Logging Service...
[[0;32m  OK  [0m] Started D-Bus System Message Bus.
         Starting LXD - container startup/shutdown...
         Starting Virtualbox guest utils...
[[0;32m  OK  [0m] Started ACPI event daemon.
         Starting Login Service...
[[0;32m  OK  [0m] Started Regular background program processing daemon.
         Starting Snap Daemon...
[[0;32m  OK  [0m] Started Deferred execution scheduler.
[[0;32m  OK  [0m] Started FUSE filesystem for LXC.
         Starting LSB: MD monitoring daemon...
         Starting /etc/rc.local Compatibility...
         Starting LSB: Record successful boot for GRUB...
         Starting Pollinate to seed the pseudo random number generator...
[[0;32m  OK  [0m] Started System Logging Service.
[[0;32m  OK  [0m] Started /etc/rc.local Compatibility.
[[0;32m  OK  [0m] Started Login Service.
[[0;32m  OK  [0m] Started Unattended Upgrades Shutdown.
[[0;32m  OK  [0m] Started iSCSI initiator daemon (iscsid).
         Starting Login to default iSCSI targets...
[[0;32m  OK  [0m] Started LSB: Record successful boot for GRUB.
[[0;32m  OK  [0m] Started Login to default iSCSI targets.
[[0;32m  OK  [0m] Reached target Remote File Systems (Pre).
[[0;32m  OK  [0m] Reached target Remote File Systems.
         Starting Permit User Sessions...
         Starting LSB: daemon to balance interrupts for SMP systems...
         Starting LSB: Set the CPU Frequency Scaling governor to "ondemand"...
         Starting LSB: automatic crash report generation...
[[0;32m  OK  [0m] Started Permit User Sessions.
         Starting Hold until boot process finishes up...
         Starting Terminate Plymouth Boot Screen...
[[0;32m  OK  [0m] Started Hold until boot process finishes up.
[[0;32m  OK  [0m] Started Getty on tty1.
[[0;32m  OK  [0m] Started Serial Getty on ttyS0.
[[0;32m  OK  [0m] Reached target Login Prompts.
         Starting Set console scheme...
[[0;32m  OK  [0m] Started LSB: MD monitoring daemon.
[[0;32m  OK  [0m] Started Terminate Plymouth Boot Screen.
[[0;32m  OK  [0m] Started Set console scheme.
         Starting Authenticate and Authorize Users to Run Privileged Tasks...
[[0;32m  OK  [0m] Started LSB: daemon to balance interrupts for SMP systems.
[[0;32m  OK  [0m] Started LSB: Set the CPU Frequency Scaling governor to "ondemand".
[[0;32m  OK  [0m] Started LSB: automatic crash report generation.
[[0;32m  OK  [0m] Started Authenticate and Authorize Users to Run Privileged Tasks.
[[0;32m  OK  [0m] Started LXD - container startup/shutdown.
[[0;32m  OK  [0m] Started Accounts Service.
[[0;32m  OK  [0m] Started Virtualbox guest utils.
[[0;32m  OK  [0m] Started Snap Daemon.
         Starting Wait until snapd is fully seeded...
[[0;32m  OK  [0m] Started Pollinate to seed the pseudo random number generator.
         Starting OpenBSD Secure Shell server...
[[0;32m  OK  [0m] Started OpenBSD Secure Shell server.
[[0;32m  OK  [0m] Started Wait until snapd is fully seeded.
         Starting Apply the settings specified in cloud-config...
[[0;32m  OK  [0m] Reached target Multi-User System.
[[0;32m  OK  [0m] Reached target Graphical Interface.
         Starting Update UTMP about System Runlevel Changes...
[[0;32m  OK  [0m] Started Update UTMP about System Runlevel Changes.
[[0;32m  OK  [0m] Created slice User Slice of vagrant.
         Starting User Manager for UID 1000...
[[0;32m  OK  [0m] Started Session 1 of user vagrant.
[[0;32m  OK  [0m] Started User Manager for UID 1000.
[   12.531139] cloud-init[1327]: Generating locales (this might take a while)...
[   13.050570] cloud-init[1327]:   en_US.UTF-8... done
[   13.052125] cloud-init[1327]: Generation complete.
[   13.233457] cloud-init[1327]: Cloud-init v. 21.1-19-gbad84ad4-0ubuntu1~16.04.2 running 'modules:config' at Fri, 03 Mar 2023 22:22:08 +0000. Up 12.46 seconds.
[[0;32m  OK  [0m] Started Apply the settings specified in cloud-config.
         Starting Execute cloud user/final scripts...
ci-info: no authorized SSH keys fingerprints found for user ubuntu.
<14>Mar  3 22:22:09 ec2: 
<14>Mar  3 22:22:09 ec2: #############################################################
<14>Mar  3 22:22:09 ec2: -----BEGIN SSH HOST KEY FINGERPRINTS-----
<14>Mar  3 22:22:09 ec2: 1024 SHA256:B8gFC1cerMuFNZTLHWTtnmKs9QgVPEZIUXklUL9idDg root@ubuntu-xenial (DSA)
<14>Mar  3 22:22:09 ec2: 256 SHA256:I4rg5dCX8aNorp4lAj4IIEyr2yH81oJvBEzXjIHJOIA root@ubuntu-xenial (ECDSA)
<14>Mar  3 22:22:09 ec2: 256 SHA256:qQAaSInRbb5oLLUa6m6Kl/N4tF4BFfJ17ulBs4wUWUo root@ubuntu-xenial (ED25519)
<14>Mar  3 22:22:09 ec2: 2048 SHA256:Bp5CHnC1hAFEbNBJiXwUjuoHzCFw4j1VjSPzqZCfBns root@ubuntu-xenial (RSA)
<14>Mar  3 22:22:09 ec2: -----END SSH HOST KEY FINGERPRINTS-----
<14>Mar  3 22:22:09 ec2: #############################################################
-----BEGIN SSH HOST KEY KEYS-----
ecdsa-sha2-nistp256 AAAAE2VjZHNhLXNoYTItbmlzdHAyNTYAAAAIbmlzdHAyNTYAAABBBBM8UttkOckRvm2rcACIi4RkLGDmYR2ma+/I6CJH26GczGPkk1QNQwyZpXGd6NnpH+4t365jlDN4cOXEYVrpvy0= root@ubuntu-xenial
ssh-ed25519 AAAAC3NzaC1lZDI1NTE5AAAAIIPywQ95B51aNLHV4IYkrZ8Wai5ylXO+Z9naM6ri29zP root@ubuntu-xenial
ssh-rsa AAAAB3NzaC1yc2EAAAADAQABAAABAQClS9zBiK5SDmt8NLaSJ+NM8VcMTuzfF8aNLxWZAgUSasv1IjSsmWi1xKCZz/S05LZK8F+n/p3pLLvpRfTD39jviTPTYeMwYM49b8iwpdJglXpQxPSTgRpe4t+eETMmBA8bdHkcpUmWrgsH0FQqP84Qyq3v2aUMpXva7NBgVP1jvePt4Y1Qgbnv7Uyhj8Kogml4LgbiNmZMxWASedHH6ld/RuNzoAEi6Ac1SeGegZYVSwJF/JFIU66jPmtcTi7it8LvC7oDrP01xft/6DNP7GEDn4ODLjO6wSouAb+c+Do2rmIL7nIhtqcQ/wJDVS0c4S8vur5G/gorQIuVqRO/5NQt root@ubuntu-xenial
-----END SSH HOST KEY KEYS-----
[   13.531719] cloud-init[1500]: Cloud-init v. 21.1-19-gbad84ad4-0ubuntu1~16.04.2 running 'modules:final' at Fri, 03 Mar 2023 22:22:09 +0000. Up 13.43 seconds.
[   13.533027] cloud-init[1500]: ci-info: no authorized SSH keys fingerprints found for user ubuntu.
[   13.533998] cloud-init[1500]: Cloud-init v. 21.1-19-gbad84ad4-0ubuntu1~16.04.2 finished at Fri, 03 Mar 2023 22:22:09 +0000. Datasource DataSourceNoCloud [seed=/dev/sdb][dsmode=net].  Up 13.52 seconds
[[0;32m  OK  [0m] Started Execute cloud user/final scripts.
[[0;32m  OK  [0m] Reached target Cloud-init target.

Ubuntu 16.04.7 LTS ubuntu-xenial ttyS0

ubuntu-xenial login: 